[2025-03-06T17:04:24.707+0000] {local_task_job_runner.py:123} INFO - ::group::Pre task execution logs
[2025-03-06T17:04:24.757+0000] {taskinstance.py:2614} INFO - Dependencies all met for dep_context=non-requeueable deps ti=<TaskInstance: TD_pipeline_POC.Data_enrichment scheduled__2025-02-17T00:00:00+00:00 [queued]>
[2025-03-06T17:04:24.991+0000] {taskinstance.py:2614} INFO - Dependencies all met for dep_context=requeueable deps ti=<TaskInstance: TD_pipeline_POC.Data_enrichment scheduled__2025-02-17T00:00:00+00:00 [queued]>
[2025-03-06T17:04:24.992+0000] {taskinstance.py:2867} INFO - Starting attempt 1 of 1
[2025-03-06T17:04:25.005+0000] {taskinstance.py:2890} INFO - Executing <Task(PythonOperator): Data_enrichment> on 2025-02-17 00:00:00+00:00
[2025-03-06T17:04:25.014+0000] {warnings.py:112} WARNING - /home/***/.local/lib/python3.12/site-packages/***/task/task_runner/standard_task_runner.py:70: DeprecationWarning: This process (pid=44685) is multi-threaded, use of fork() may lead to deadlocks in the child.
  pid = os.fork()

[2025-03-06T17:04:25.016+0000] {standard_task_runner.py:72} INFO - Started process 45346 to run task
[2025-03-06T17:04:25.017+0000] {standard_task_runner.py:104} INFO - Running: ['***', 'tasks', 'run', 'TD_pipeline_POC', 'Data_enrichment', 'scheduled__2025-02-17T00:00:00+00:00', '--job-id', '1392', '--raw', '--subdir', 'DAGS_FOLDER/dummyDag.py', '--cfg-path', '/tmp/tmp9soowe41']
[2025-03-06T17:04:25.019+0000] {standard_task_runner.py:105} INFO - Job 1392: Subtask Data_enrichment
[2025-03-06T17:04:25.067+0000] {task_command.py:467} INFO - Running <TaskInstance: TD_pipeline_POC.Data_enrichment scheduled__2025-02-17T00:00:00+00:00 [running]> on host c94cd9e82518
[2025-03-06T17:04:25.133+0000] {taskinstance.py:3134} INFO - Exporting env vars: AIRFLOW_CTX_DAG_OWNER='***' AIRFLOW_CTX_DAG_ID='TD_pipeline_POC' AIRFLOW_CTX_TASK_ID='Data_enrichment' AIRFLOW_CTX_EXECUTION_DATE='2025-02-17T00:00:00+00:00' AIRFLOW_CTX_TRY_NUMBER='1' AIRFLOW_CTX_DAG_RUN_ID='scheduled__2025-02-17T00:00:00+00:00'
[2025-03-06T17:04:25.137+0000] {taskinstance.py:732} INFO - ::endgroup::
[2025-03-06T17:04:25.161+0000] {dummyDag.py:81} INFO - Processing 6 students: [1, 2, 3, 4, 5, 6]
[2025-03-06T17:04:25.162+0000] {dummyDag.py:87} INFO - Executing command: java -jar /opt/***/javaLib/refdata-1.0-SNAPSHOT.jar 1
[2025-03-06T17:04:25.306+0000] {dummyDag.py:98} INFO - Java Output for student 1: {
    "studentID": "1",
    "Major": "Computer Science",
    "Address": "123 Main St, Toronto",
    "Age": 27,
    "Name": "Alice"
}

[2025-03-06T17:04:25.306+0000] {dummyDag.py:87} INFO - Executing command: java -jar /opt/***/javaLib/refdata-1.0-SNAPSHOT.jar 2
[2025-03-06T17:04:25.547+0000] {dummyDag.py:98} INFO - Java Output for student 2: {
    "studentID": "2",
    "Major": "Data Science",
    "Address": "456 Queen St, Toronto",
    "Age": 30,
    "Name": "Bob"
}

[2025-03-06T17:04:25.549+0000] {dummyDag.py:87} INFO - Executing command: java -jar /opt/***/javaLib/refdata-1.0-SNAPSHOT.jar 3
[2025-03-06T17:04:25.780+0000] {dummyDag.py:98} INFO - Java Output for student 3: {
    "studentID": "3",
    "Major": "Mathematics",
    "Address": "789 King St, Toronto",
    "Age": 35,
    "Name": "Charlie"
}

[2025-03-06T17:04:25.781+0000] {dummyDag.py:87} INFO - Executing command: java -jar /opt/***/javaLib/refdata-1.0-SNAPSHOT.jar 4
[2025-03-06T17:04:26.051+0000] {dummyDag.py:98} INFO - Java Output for student 4: {
    "studentID": "4",
    "Major": "Physics",
    "Address": "321 Bay St, Toronto",
    "Age": 40,
    "Name": "David"
}

[2025-03-06T17:04:26.052+0000] {dummyDag.py:87} INFO - Executing command: java -jar /opt/***/javaLib/refdata-1.0-SNAPSHOT.jar 5
[2025-03-06T17:04:26.301+0000] {dummyDag.py:98} INFO - Java Output for student 5: {
    "studentID": "5",
    "Major": "Economics",
    "Address": "654 Yonge St, Toronto",
    "Age": 45,
    "Name": "Eve"
}

[2025-03-06T17:04:26.303+0000] {dummyDag.py:87} INFO - Executing command: java -jar /opt/***/javaLib/refdata-1.0-SNAPSHOT.jar 6
[2025-03-06T17:04:26.563+0000] {dummyDag.py:98} INFO - Java Output for student 6: {
    "studentID": "6",
    "Major": "Engineering",
    "Address": "987 Bloor St, Toronto",
    "Age": 50,
    "Name": "Frank"
}

[2025-03-06T17:04:26.565+0000] {dummyDag.py:108} INFO - Enriched students data: [{'studentID': '1', 'Major': 'Computer Science', 'Address': '123 Main St, Toronto', 'Age': 27, 'Name': 'Alice'}, {'studentID': '2', 'Major': 'Data Science', 'Address': '456 Queen St, Toronto', 'Age': 30, 'Name': 'Bob'}, {'studentID': '3', 'Major': 'Mathematics', 'Address': '789 King St, Toronto', 'Age': 35, 'Name': 'Charlie'}, {'studentID': '4', 'Major': 'Physics', 'Address': '321 Bay St, Toronto', 'Age': 40, 'Name': 'David'}, {'studentID': '5', 'Major': 'Economics', 'Address': '654 Yonge St, Toronto', 'Age': 45, 'Name': 'Eve'}, {'studentID': '6', 'Major': 'Engineering', 'Address': '987 Bloor St, Toronto', 'Age': 50, 'Name': 'Frank'}]
[2025-03-06T17:04:26.587+0000] {python.py:240} INFO - Done. Returned value was: None
[2025-03-06T17:04:26.602+0000] {taskinstance.py:341} INFO - ::group::Post task execution logs
[2025-03-06T17:04:26.607+0000] {taskinstance.py:353} INFO - Marking task as SUCCESS. dag_id=TD_pipeline_POC, task_id=Data_enrichment, run_id=scheduled__2025-02-17T00:00:00+00:00, execution_date=20250217T000000, start_date=20250306T170424, end_date=20250306T170426
[2025-03-06T17:04:26.689+0000] {local_task_job_runner.py:266} INFO - Task exited with return code 0
[2025-03-06T17:04:26.739+0000] {taskinstance.py:3901} INFO - 1 downstream tasks scheduled from follow-on schedule check
[2025-03-06T17:04:26.748+0000] {local_task_job_runner.py:245} INFO - ::endgroup::
