[2025-03-06T17:03:16.562+0000] {local_task_job_runner.py:123} INFO - ::group::Pre task execution logs
[2025-03-06T17:03:16.575+0000] {taskinstance.py:2614} INFO - Dependencies all met for dep_context=non-requeueable deps ti=<TaskInstance: TD_pipeline_POC.save_json scheduled__2024-12-20T00:00:00+00:00 [queued]>
[2025-03-06T17:03:16.582+0000] {taskinstance.py:2614} INFO - Dependencies all met for dep_context=requeueable deps ti=<TaskInstance: TD_pipeline_POC.save_json scheduled__2024-12-20T00:00:00+00:00 [queued]>
[2025-03-06T17:03:16.582+0000] {taskinstance.py:2867} INFO - Starting attempt 1 of 1
[2025-03-06T17:03:16.593+0000] {taskinstance.py:2890} INFO - Executing <Task(PythonOperator): save_json> on 2024-12-20 00:00:00+00:00
[2025-03-06T17:03:16.601+0000] {warnings.py:112} WARNING - /home/***/.local/lib/python3.12/site-packages/***/task/task_runner/standard_task_runner.py:70: DeprecationWarning: This process (pid=37819) is multi-threaded, use of fork() may lead to deadlocks in the child.
  pid = os.fork()

[2025-03-06T17:03:16.602+0000] {standard_task_runner.py:72} INFO - Started process 38082 to run task
[2025-03-06T17:03:16.603+0000] {standard_task_runner.py:104} INFO - Running: ['***', 'tasks', 'run', 'TD_pipeline_POC', 'save_json', 'scheduled__2024-12-20T00:00:00+00:00', '--job-id', '1157', '--raw', '--subdir', 'DAGS_FOLDER/dummyDag.py', '--cfg-path', '/tmp/tmpew3kp15a']
[2025-03-06T17:03:16.605+0000] {standard_task_runner.py:105} INFO - Job 1157: Subtask save_json
[2025-03-06T17:03:16.647+0000] {task_command.py:467} INFO - Running <TaskInstance: TD_pipeline_POC.save_json scheduled__2024-12-20T00:00:00+00:00 [running]> on host c94cd9e82518
[2025-03-06T17:03:16.703+0000] {taskinstance.py:3134} INFO - Exporting env vars: AIRFLOW_CTX_DAG_OWNER='***' AIRFLOW_CTX_DAG_ID='TD_pipeline_POC' AIRFLOW_CTX_TASK_ID='save_json' AIRFLOW_CTX_EXECUTION_DATE='2024-12-20T00:00:00+00:00' AIRFLOW_CTX_TRY_NUMBER='1' AIRFLOW_CTX_DAG_RUN_ID='scheduled__2024-12-20T00:00:00+00:00'
[2025-03-06T17:03:16.704+0000] {taskinstance.py:732} INFO - ::endgroup::
[2025-03-06T17:03:16.721+0000] {dummyDag.py:127} INFO - ✅ Retrieved 6 students from XCom: [{'studentID': '1', 'Major': 'Computer Science', 'Address': '123 Main St, Toronto', 'Age': 27, 'Name': 'Alice'}, {'studentID': '2', 'Major': 'Data Science', 'Address': '456 Queen St, Toronto', 'Age': 30, 'Name': 'Bob'}, {'studentID': '3', 'Major': 'Mathematics', 'Address': '789 King St, Toronto', 'Age': 35, 'Name': 'Charlie'}, {'studentID': '4', 'Major': 'Physics', 'Address': '321 Bay St, Toronto', 'Age': 40, 'Name': 'David'}, {'studentID': '5', 'Major': 'Economics', 'Address': '654 Yonge St, Toronto', 'Age': 45, 'Name': 'Eve'}, {'studentID': '6', 'Major': 'Engineering', 'Address': '987 Bloor St, Toronto', 'Age': 50, 'Name': 'Frank'}]
[2025-03-06T17:03:16.723+0000] {dummyDag.py:132} INFO - ✅ Enriched student data saved to /opt/***/output/enriched_students.json
[2025-03-06T17:03:16.723+0000] {python.py:240} INFO - Done. Returned value was: None
[2025-03-06T17:03:16.730+0000] {taskinstance.py:341} INFO - ::group::Post task execution logs
[2025-03-06T17:03:16.731+0000] {taskinstance.py:353} INFO - Marking task as SUCCESS. dag_id=TD_pipeline_POC, task_id=save_json, run_id=scheduled__2024-12-20T00:00:00+00:00, execution_date=20241220T000000, start_date=20250306T170316, end_date=20250306T170316
[2025-03-06T17:03:16.786+0000] {local_task_job_runner.py:266} INFO - Task exited with return code 0
[2025-03-06T17:03:16.799+0000] {taskinstance.py:3901} INFO - 0 downstream tasks scheduled from follow-on schedule check
[2025-03-06T17:03:16.800+0000] {local_task_job_runner.py:245} INFO - ::endgroup::
