[2025-03-06T16:58:35.228+0000] {local_task_job_runner.py:123} INFO - ::group::Pre task execution logs
[2025-03-06T16:58:35.247+0000] {taskinstance.py:2614} INFO - Dependencies all met for dep_context=non-requeueable deps ti=<TaskInstance: TD_pipeline_POC.save_json scheduled__2024-04-04T00:00:00+00:00 [queued]>
[2025-03-06T16:58:35.264+0000] {taskinstance.py:2614} INFO - Dependencies all met for dep_context=requeueable deps ti=<TaskInstance: TD_pipeline_POC.save_json scheduled__2024-04-04T00:00:00+00:00 [queued]>
[2025-03-06T16:58:35.266+0000] {taskinstance.py:2867} INFO - Starting attempt 1 of 1
[2025-03-06T16:58:35.286+0000] {taskinstance.py:2890} INFO - Executing <Task(PythonOperator): save_json> on 2024-04-04 00:00:00+00:00
[2025-03-06T16:58:35.294+0000] {warnings.py:112} WARNING - /home/***/.local/lib/python3.12/site-packages/***/task/task_runner/standard_task_runner.py:70: DeprecationWarning: This process (pid=4333) is multi-threaded, use of fork() may lead to deadlocks in the child.
  pid = os.fork()

[2025-03-06T16:58:35.295+0000] {standard_task_runner.py:72} INFO - Started process 4337 to run task
[2025-03-06T16:58:35.297+0000] {standard_task_runner.py:104} INFO - Running: ['***', 'tasks', 'run', 'TD_pipeline_POC', 'save_json', 'scheduled__2024-04-04T00:00:00+00:00', '--job-id', '129', '--raw', '--subdir', 'DAGS_FOLDER/dummyDag.py', '--cfg-path', '/tmp/tmpaxm8sysf']
[2025-03-06T16:58:35.300+0000] {standard_task_runner.py:105} INFO - Job 129: Subtask save_json
[2025-03-06T16:58:35.376+0000] {task_command.py:467} INFO - Running <TaskInstance: TD_pipeline_POC.save_json scheduled__2024-04-04T00:00:00+00:00 [running]> on host c94cd9e82518
[2025-03-06T16:58:35.467+0000] {taskinstance.py:3134} INFO - Exporting env vars: AIRFLOW_CTX_DAG_OWNER='***' AIRFLOW_CTX_DAG_ID='TD_pipeline_POC' AIRFLOW_CTX_TASK_ID='save_json' AIRFLOW_CTX_EXECUTION_DATE='2024-04-04T00:00:00+00:00' AIRFLOW_CTX_TRY_NUMBER='1' AIRFLOW_CTX_DAG_RUN_ID='scheduled__2024-04-04T00:00:00+00:00'
[2025-03-06T16:58:35.472+0000] {taskinstance.py:732} INFO - ::endgroup::
[2025-03-06T16:58:35.503+0000] {dummyDag.py:127} INFO - ✅ Retrieved 6 students from XCom: [{'studentID': '1', 'Major': 'Computer Science', 'Address': '123 Main St, Toronto', 'Age': 27, 'Name': 'Alice'}, {'studentID': '2', 'Major': 'Data Science', 'Address': '456 Queen St, Toronto', 'Age': 30, 'Name': 'Bob'}, {'studentID': '3', 'Major': 'Mathematics', 'Address': '789 King St, Toronto', 'Age': 35, 'Name': 'Charlie'}, {'studentID': '4', 'Major': 'Physics', 'Address': '321 Bay St, Toronto', 'Age': 40, 'Name': 'David'}, {'studentID': '5', 'Major': 'Economics', 'Address': '654 Yonge St, Toronto', 'Age': 45, 'Name': 'Eve'}, {'studentID': '6', 'Major': 'Engineering', 'Address': '987 Bloor St, Toronto', 'Age': 50, 'Name': 'Frank'}]
[2025-03-06T16:58:35.507+0000] {dummyDag.py:132} INFO - ✅ Enriched student data saved to /opt/***/output/enriched_students.json
[2025-03-06T16:58:35.508+0000] {python.py:240} INFO - Done. Returned value was: None
[2025-03-06T16:58:35.516+0000] {taskinstance.py:341} INFO - ::group::Post task execution logs
[2025-03-06T16:58:35.517+0000] {taskinstance.py:353} INFO - Marking task as SUCCESS. dag_id=TD_pipeline_POC, task_id=save_json, run_id=scheduled__2024-04-04T00:00:00+00:00, execution_date=20240404T000000, start_date=20250306T165835, end_date=20250306T165835
[2025-03-06T16:58:35.567+0000] {local_task_job_runner.py:266} INFO - Task exited with return code 0
[2025-03-06T16:58:35.580+0000] {taskinstance.py:3901} INFO - 0 downstream tasks scheduled from follow-on schedule check
[2025-03-06T16:58:35.583+0000] {local_task_job_runner.py:245} INFO - ::endgroup::
