[2025-03-05T23:04:31.610+0000] {local_task_job_runner.py:123} INFO - ::group::Pre task execution logs
[2025-03-05T23:04:31.622+0000] {taskinstance.py:2614} INFO - Dependencies all met for dep_context=non-requeueable deps ti=<TaskInstance: split_airflow_tasks.Data_enrichment manual__2025-03-05T23:04:27.891783+00:00 [queued]>
[2025-03-05T23:04:31.627+0000] {taskinstance.py:2614} INFO - Dependencies all met for dep_context=requeueable deps ti=<TaskInstance: split_airflow_tasks.Data_enrichment manual__2025-03-05T23:04:27.891783+00:00 [queued]>
[2025-03-05T23:04:31.627+0000] {taskinstance.py:2867} INFO - Starting attempt 1 of 1
[2025-03-05T23:04:31.634+0000] {taskinstance.py:2890} INFO - Executing <Task(PythonOperator): Data_enrichment> on 2025-03-05 23:04:27.891783+00:00
[2025-03-05T23:04:31.639+0000] {warnings.py:112} WARNING - /home/***/.local/lib/python3.12/site-packages/***/task/task_runner/standard_task_runner.py:70: DeprecationWarning: This process (pid=46876) is multi-threaded, use of fork() may lead to deadlocks in the child.
  pid = os.fork()

[2025-03-05T23:04:31.640+0000] {standard_task_runner.py:72} INFO - Started process 46877 to run task
[2025-03-05T23:04:31.641+0000] {standard_task_runner.py:104} INFO - Running: ['***', 'tasks', 'run', 'split_***_tasks', 'Data_enrichment', 'manual__2025-03-05T23:04:27.891783+00:00', '--job-id', '1450', '--raw', '--subdir', 'DAGS_FOLDER/dummyDag.py', '--cfg-path', '/tmp/tmpgs_d3md2']
[2025-03-05T23:04:31.643+0000] {standard_task_runner.py:105} INFO - Job 1450: Subtask Data_enrichment
[2025-03-05T23:04:31.670+0000] {task_command.py:467} INFO - Running <TaskInstance: split_airflow_tasks.Data_enrichment manual__2025-03-05T23:04:27.891783+00:00 [running]> on host 629ebb200460
[2025-03-05T23:04:31.717+0000] {taskinstance.py:3134} INFO - Exporting env vars: AIRFLOW_CTX_DAG_OWNER='***' AIRFLOW_CTX_DAG_ID='split_***_tasks' AIRFLOW_CTX_TASK_ID='Data_enrichment' AIRFLOW_CTX_EXECUTION_DATE='2025-03-05T23:04:27.891783+00:00' AIRFLOW_CTX_TRY_NUMBER='1' AIRFLOW_CTX_DAG_RUN_ID='manual__2025-03-05T23:04:27.891783+00:00'
[2025-03-05T23:04:31.718+0000] {taskinstance.py:732} INFO - ::endgroup::
[2025-03-05T23:04:31.733+0000] {dummyDag.py:81} INFO - Processing 6 students: [1, 2, 3, 4, 5, 6]
[2025-03-05T23:04:31.733+0000] {dummyDag.py:87} INFO - Executing command: java -jar /opt/***/javaLib/refdata-1.0-SNAPSHOT.jar 1
[2025-03-05T23:04:31.814+0000] {dummyDag.py:98} INFO - Java Output for student 1: {
    "studentID": "1",
    "Major": "Toronto",
    "Address": "123 Main St",
    "Age": 27,
    "Name": "Alice"
}

[2025-03-05T23:04:31.815+0000] {dummyDag.py:87} INFO - Executing command: java -jar /opt/***/javaLib/refdata-1.0-SNAPSHOT.jar 2
[2025-03-05T23:04:31.895+0000] {dummyDag.py:98} INFO - Java Output for student 2: {
    "studentID": "2",
    "Major": "Toronto",
    "Address": "456 Queen St",
    "Age": 30,
    "Name": "Bob"
}

[2025-03-05T23:04:31.896+0000] {dummyDag.py:87} INFO - Executing command: java -jar /opt/***/javaLib/refdata-1.0-SNAPSHOT.jar 3
[2025-03-05T23:04:31.979+0000] {dummyDag.py:98} INFO - Java Output for student 3: {
    "studentID": "3",
    "Major": "Toronto",
    "Address": "789 King St",
    "Age": 35,
    "Name": "Charlie"
}

[2025-03-05T23:04:31.979+0000] {dummyDag.py:87} INFO - Executing command: java -jar /opt/***/javaLib/refdata-1.0-SNAPSHOT.jar 4
[2025-03-05T23:04:32.060+0000] {dummyDag.py:98} INFO - Java Output for student 4: {
    "studentID": "4",
    "Major": "Toronto",
    "Address": "321 Bay St",
    "Age": 40,
    "Name": "David"
}

[2025-03-05T23:04:32.060+0000] {dummyDag.py:87} INFO - Executing command: java -jar /opt/***/javaLib/refdata-1.0-SNAPSHOT.jar 5
[2025-03-05T23:04:32.143+0000] {dummyDag.py:98} INFO - Java Output for student 5: {
    "studentID": "5",
    "Major": "Toronto",
    "Address": "654 Yonge St",
    "Age": 45,
    "Name": "Eve"
}

[2025-03-05T23:04:32.144+0000] {dummyDag.py:87} INFO - Executing command: java -jar /opt/***/javaLib/refdata-1.0-SNAPSHOT.jar 6
[2025-03-05T23:04:32.228+0000] {dummyDag.py:98} INFO - Java Output for student 6: {
    "studentID": "6",
    "Major": "Toronto",
    "Address": "987 Bloor St",
    "Age": 50,
    "Name": "Frank"
}

[2025-03-05T23:04:32.229+0000] {dummyDag.py:108} INFO - Enriched students data: [{'studentID': '1', 'Major': 'Toronto', 'Address': '123 Main St', 'Age': 27, 'Name': 'Alice'}, {'studentID': '2', 'Major': 'Toronto', 'Address': '456 Queen St', 'Age': 30, 'Name': 'Bob'}, {'studentID': '3', 'Major': 'Toronto', 'Address': '789 King St', 'Age': 35, 'Name': 'Charlie'}, {'studentID': '4', 'Major': 'Toronto', 'Address': '321 Bay St', 'Age': 40, 'Name': 'David'}, {'studentID': '5', 'Major': 'Toronto', 'Address': '654 Yonge St', 'Age': 45, 'Name': 'Eve'}, {'studentID': '6', 'Major': 'Toronto', 'Address': '987 Bloor St', 'Age': 50, 'Name': 'Frank'}]
[2025-03-05T23:04:32.241+0000] {python.py:240} INFO - Done. Returned value was: None
[2025-03-05T23:04:32.248+0000] {taskinstance.py:341} INFO - ::group::Post task execution logs
[2025-03-05T23:04:32.249+0000] {taskinstance.py:353} INFO - Marking task as SUCCESS. dag_id=split_***_tasks, task_id=Data_enrichment, run_id=manual__2025-03-05T23:04:27.891783+00:00, execution_date=20250305T230427, start_date=20250305T230431, end_date=20250305T230432
[2025-03-05T23:04:32.273+0000] {local_task_job_runner.py:266} INFO - Task exited with return code 0
[2025-03-05T23:04:32.300+0000] {taskinstance.py:3901} INFO - 1 downstream tasks scheduled from follow-on schedule check
[2025-03-05T23:04:32.342+0000] {local_task_job_runner.py:245} INFO - ::endgroup::
