[2025-03-06T00:00:02.874+0000] {local_task_job_runner.py:123} INFO - ::group::Pre task execution logs
[2025-03-06T00:00:02.885+0000] {taskinstance.py:2614} INFO - Dependencies all met for dep_context=non-requeueable deps ti=<TaskInstance: split_airflow_tasks.Data_enrichment scheduled__2025-03-05T00:00:00+00:00 [queued]>
[2025-03-06T00:00:02.891+0000] {taskinstance.py:2614} INFO - Dependencies all met for dep_context=requeueable deps ti=<TaskInstance: split_airflow_tasks.Data_enrichment scheduled__2025-03-05T00:00:00+00:00 [queued]>
[2025-03-06T00:00:02.891+0000] {taskinstance.py:2867} INFO - Starting attempt 1 of 1
[2025-03-06T00:00:02.898+0000] {taskinstance.py:2890} INFO - Executing <Task(PythonOperator): Data_enrichment> on 2025-03-05 00:00:00+00:00
[2025-03-06T00:00:02.902+0000] {warnings.py:112} WARNING - /home/***/.local/lib/python3.12/site-packages/***/task/task_runner/standard_task_runner.py:70: DeprecationWarning: This process (pid=47592) is multi-threaded, use of fork() may lead to deadlocks in the child.
  pid = os.fork()

[2025-03-06T00:00:02.903+0000] {standard_task_runner.py:72} INFO - Started process 47593 to run task
[2025-03-06T00:00:02.904+0000] {standard_task_runner.py:104} INFO - Running: ['***', 'tasks', 'run', 'split_***_tasks', 'Data_enrichment', 'scheduled__2025-03-05T00:00:00+00:00', '--job-id', '1454', '--raw', '--subdir', 'DAGS_FOLDER/dummyDag.py', '--cfg-path', '/tmp/tmpovwn9swg']
[2025-03-06T00:00:02.906+0000] {standard_task_runner.py:105} INFO - Job 1454: Subtask Data_enrichment
[2025-03-06T00:00:02.933+0000] {task_command.py:467} INFO - Running <TaskInstance: split_airflow_tasks.Data_enrichment scheduled__2025-03-05T00:00:00+00:00 [running]> on host 629ebb200460
[2025-03-06T00:00:02.977+0000] {taskinstance.py:3134} INFO - Exporting env vars: AIRFLOW_CTX_DAG_OWNER='***' AIRFLOW_CTX_DAG_ID='split_***_tasks' AIRFLOW_CTX_TASK_ID='Data_enrichment' AIRFLOW_CTX_EXECUTION_DATE='2025-03-05T00:00:00+00:00' AIRFLOW_CTX_TRY_NUMBER='1' AIRFLOW_CTX_DAG_RUN_ID='scheduled__2025-03-05T00:00:00+00:00'
[2025-03-06T00:00:02.978+0000] {taskinstance.py:732} INFO - ::endgroup::
[2025-03-06T00:00:02.992+0000] {dummyDag.py:81} INFO - Processing 6 students: [1, 2, 3, 4, 5, 6]
[2025-03-06T00:00:02.992+0000] {dummyDag.py:87} INFO - Executing command: java -jar /opt/***/javaLib/refdata-1.0-SNAPSHOT.jar 1
[2025-03-06T00:00:03.081+0000] {dummyDag.py:98} INFO - Java Output for student 1: {
    "studentID": "1",
    "Major": "Toronto",
    "Address": "123 Main St",
    "Age": 27,
    "Name": "Alice"
}

[2025-03-06T00:00:03.082+0000] {dummyDag.py:87} INFO - Executing command: java -jar /opt/***/javaLib/refdata-1.0-SNAPSHOT.jar 2
[2025-03-06T00:00:03.166+0000] {dummyDag.py:98} INFO - Java Output for student 2: {
    "studentID": "2",
    "Major": "Toronto",
    "Address": "456 Queen St",
    "Age": 30,
    "Name": "Bob"
}

[2025-03-06T00:00:03.167+0000] {dummyDag.py:87} INFO - Executing command: java -jar /opt/***/javaLib/refdata-1.0-SNAPSHOT.jar 3
[2025-03-06T00:00:03.251+0000] {dummyDag.py:98} INFO - Java Output for student 3: {
    "studentID": "3",
    "Major": "Toronto",
    "Address": "789 King St",
    "Age": 35,
    "Name": "Charlie"
}

[2025-03-06T00:00:03.251+0000] {dummyDag.py:87} INFO - Executing command: java -jar /opt/***/javaLib/refdata-1.0-SNAPSHOT.jar 4
[2025-03-06T00:00:03.336+0000] {dummyDag.py:98} INFO - Java Output for student 4: {
    "studentID": "4",
    "Major": "Toronto",
    "Address": "321 Bay St",
    "Age": 40,
    "Name": "David"
}

[2025-03-06T00:00:03.336+0000] {dummyDag.py:87} INFO - Executing command: java -jar /opt/***/javaLib/refdata-1.0-SNAPSHOT.jar 5
[2025-03-06T00:00:03.419+0000] {dummyDag.py:98} INFO - Java Output for student 5: {
    "studentID": "5",
    "Major": "Toronto",
    "Address": "654 Yonge St",
    "Age": 45,
    "Name": "Eve"
}

[2025-03-06T00:00:03.419+0000] {dummyDag.py:87} INFO - Executing command: java -jar /opt/***/javaLib/refdata-1.0-SNAPSHOT.jar 6
[2025-03-06T00:00:03.505+0000] {dummyDag.py:98} INFO - Java Output for student 6: {
    "studentID": "6",
    "Major": "Toronto",
    "Address": "987 Bloor St",
    "Age": 50,
    "Name": "Frank"
}

[2025-03-06T00:00:03.505+0000] {dummyDag.py:108} INFO - Enriched students data: [{'studentID': '1', 'Major': 'Toronto', 'Address': '123 Main St', 'Age': 27, 'Name': 'Alice'}, {'studentID': '2', 'Major': 'Toronto', 'Address': '456 Queen St', 'Age': 30, 'Name': 'Bob'}, {'studentID': '3', 'Major': 'Toronto', 'Address': '789 King St', 'Age': 35, 'Name': 'Charlie'}, {'studentID': '4', 'Major': 'Toronto', 'Address': '321 Bay St', 'Age': 40, 'Name': 'David'}, {'studentID': '5', 'Major': 'Toronto', 'Address': '654 Yonge St', 'Age': 45, 'Name': 'Eve'}, {'studentID': '6', 'Major': 'Toronto', 'Address': '987 Bloor St', 'Age': 50, 'Name': 'Frank'}]
[2025-03-06T00:00:03.514+0000] {python.py:240} INFO - Done. Returned value was: None
[2025-03-06T00:00:03.519+0000] {taskinstance.py:341} INFO - ::group::Post task execution logs
[2025-03-06T00:00:03.520+0000] {taskinstance.py:353} INFO - Marking task as SUCCESS. dag_id=split_***_tasks, task_id=Data_enrichment, run_id=scheduled__2025-03-05T00:00:00+00:00, execution_date=20250305T000000, start_date=20250306T000002, end_date=20250306T000003
[2025-03-06T00:00:03.580+0000] {local_task_job_runner.py:266} INFO - Task exited with return code 0
[2025-03-06T00:00:03.591+0000] {taskinstance.py:3901} INFO - 0 downstream tasks scheduled from follow-on schedule check
[2025-03-06T00:00:03.593+0000] {local_task_job_runner.py:245} INFO - ::endgroup::
