[2025-03-06T15:09:45.066+0000] {local_task_job_runner.py:123} INFO - ::group::Pre task execution logs
[2025-03-06T15:09:45.081+0000] {taskinstance.py:2614} INFO - Dependencies all met for dep_context=non-requeueable deps ti=<TaskInstance: split_airflow_tasks.save_json manual__2025-03-06T15:09:38.782743+00:00 [queued]>
[2025-03-06T15:09:45.087+0000] {taskinstance.py:2614} INFO - Dependencies all met for dep_context=requeueable deps ti=<TaskInstance: split_airflow_tasks.save_json manual__2025-03-06T15:09:38.782743+00:00 [queued]>
[2025-03-06T15:09:45.088+0000] {taskinstance.py:2867} INFO - Starting attempt 1 of 1
[2025-03-06T15:09:45.097+0000] {taskinstance.py:2890} INFO - Executing <Task(PythonOperator): save_json> on 2025-03-06 15:09:38.782743+00:00
[2025-03-06T15:09:45.102+0000] {warnings.py:112} WARNING - /home/***/.local/lib/python3.12/site-packages/***/task/task_runner/standard_task_runner.py:70: DeprecationWarning: This process (pid=56633) is multi-threaded, use of fork() may lead to deadlocks in the child.
  pid = os.fork()

[2025-03-06T15:09:45.104+0000] {standard_task_runner.py:72} INFO - Started process 56634 to run task
[2025-03-06T15:09:45.104+0000] {standard_task_runner.py:104} INFO - Running: ['***', 'tasks', 'run', 'split_***_tasks', 'save_json', 'manual__2025-03-06T15:09:38.782743+00:00', '--job-id', '1459', '--raw', '--subdir', 'DAGS_FOLDER/dummyDag.py', '--cfg-path', '/tmp/tmp7j4nx38z']
[2025-03-06T15:09:45.106+0000] {standard_task_runner.py:105} INFO - Job 1459: Subtask save_json
[2025-03-06T15:09:45.138+0000] {task_command.py:467} INFO - Running <TaskInstance: split_airflow_tasks.save_json manual__2025-03-06T15:09:38.782743+00:00 [running]> on host 629ebb200460
[2025-03-06T15:09:45.187+0000] {taskinstance.py:3134} INFO - Exporting env vars: AIRFLOW_CTX_DAG_OWNER='***' AIRFLOW_CTX_DAG_ID='split_***_tasks' AIRFLOW_CTX_TASK_ID='save_json' AIRFLOW_CTX_EXECUTION_DATE='2025-03-06T15:09:38.782743+00:00' AIRFLOW_CTX_TRY_NUMBER='1' AIRFLOW_CTX_DAG_RUN_ID='manual__2025-03-06T15:09:38.782743+00:00'
[2025-03-06T15:09:45.188+0000] {taskinstance.py:732} INFO - ::endgroup::
[2025-03-06T15:09:45.203+0000] {dummyDag.py:127} INFO - ✅ Retrieved 6 students from XCom: [{'studentID': '1', 'Major': 'Computer Science', 'Address': '123 Main St, Toronto', 'Age': 27, 'Name': 'Alice'}, {'studentID': '2', 'Major': 'Data Science', 'Address': '456 Queen St, Toronto', 'Age': 30, 'Name': 'Bob'}, {'studentID': '3', 'Major': 'Mathematics', 'Address': '789 King St, Toronto', 'Age': 35, 'Name': 'Charlie'}, {'studentID': '4', 'Major': 'Physics', 'Address': '321 Bay St, Toronto', 'Age': 40, 'Name': 'David'}, {'studentID': '5', 'Major': 'Economics', 'Address': '654 Yonge St, Toronto', 'Age': 45, 'Name': 'Eve'}, {'studentID': '6', 'Major': 'Engineering', 'Address': '987 Bloor St, Toronto', 'Age': 50, 'Name': 'Frank'}]
[2025-03-06T15:09:45.205+0000] {dummyDag.py:132} INFO - ✅ Enriched student data saved to /opt/***/output/enriched_students.json
[2025-03-06T15:09:45.205+0000] {python.py:240} INFO - Done. Returned value was: None
[2025-03-06T15:09:45.211+0000] {taskinstance.py:341} INFO - ::group::Post task execution logs
[2025-03-06T15:09:45.211+0000] {taskinstance.py:353} INFO - Marking task as SUCCESS. dag_id=split_***_tasks, task_id=save_json, run_id=manual__2025-03-06T15:09:38.782743+00:00, execution_date=20250306T150938, start_date=20250306T150945, end_date=20250306T150945
[2025-03-06T15:09:45.245+0000] {local_task_job_runner.py:266} INFO - Task exited with return code 0
[2025-03-06T15:09:45.255+0000] {taskinstance.py:3901} INFO - 0 downstream tasks scheduled from follow-on schedule check
[2025-03-06T15:09:45.256+0000] {local_task_job_runner.py:245} INFO - ::endgroup::
