[2025-03-06T16:59:15.661+0000] {local_task_job_runner.py:123} INFO - ::group::Pre task execution logs
[2025-03-06T16:59:15.713+0000] {taskinstance.py:2614} INFO - Dependencies all met for dep_context=non-requeueable deps ti=<TaskInstance: TD_pipeline_POC.save_json scheduled__2024-04-28T00:00:00+00:00 [queued]>
[2025-03-06T16:59:15.753+0000] {taskinstance.py:2614} INFO - Dependencies all met for dep_context=requeueable deps ti=<TaskInstance: TD_pipeline_POC.save_json scheduled__2024-04-28T00:00:00+00:00 [queued]>
[2025-03-06T16:59:15.754+0000] {taskinstance.py:2867} INFO - Starting attempt 1 of 1
[2025-03-06T16:59:15.815+0000] {taskinstance.py:2890} INFO - Executing <Task(PythonOperator): save_json> on 2024-04-28 00:00:00+00:00
[2025-03-06T16:59:15.826+0000] {warnings.py:112} WARNING - /home/***/.local/lib/python3.12/site-packages/***/task/task_runner/standard_task_runner.py:70: DeprecationWarning: This process (pid=7901) is multi-threaded, use of fork() may lead to deadlocks in the child.
  pid = os.fork()

[2025-03-06T16:59:15.834+0000] {standard_task_runner.py:72} INFO - Started process 8326 to run task
[2025-03-06T16:59:15.846+0000] {standard_task_runner.py:104} INFO - Running: ['***', 'tasks', 'run', 'TD_pipeline_POC', 'save_json', 'scheduled__2024-04-28T00:00:00+00:00', '--job-id', '247', '--raw', '--subdir', 'DAGS_FOLDER/dummyDag.py', '--cfg-path', '/tmp/tmp758g4dp2']
[2025-03-06T16:59:15.856+0000] {standard_task_runner.py:105} INFO - Job 247: Subtask save_json
[2025-03-06T16:59:15.947+0000] {task_command.py:467} INFO - Running <TaskInstance: TD_pipeline_POC.save_json scheduled__2024-04-28T00:00:00+00:00 [running]> on host c94cd9e82518
[2025-03-06T16:59:16.156+0000] {taskinstance.py:3134} INFO - Exporting env vars: AIRFLOW_CTX_DAG_OWNER='***' AIRFLOW_CTX_DAG_ID='TD_pipeline_POC' AIRFLOW_CTX_TASK_ID='save_json' AIRFLOW_CTX_EXECUTION_DATE='2024-04-28T00:00:00+00:00' AIRFLOW_CTX_TRY_NUMBER='1' AIRFLOW_CTX_DAG_RUN_ID='scheduled__2024-04-28T00:00:00+00:00'
[2025-03-06T16:59:16.164+0000] {taskinstance.py:732} INFO - ::endgroup::
[2025-03-06T16:59:16.253+0000] {dummyDag.py:127} INFO - ✅ Retrieved 6 students from XCom: [{'studentID': '1', 'Major': 'Computer Science', 'Address': '123 Main St, Toronto', 'Age': 27, 'Name': 'Alice'}, {'studentID': '2', 'Major': 'Data Science', 'Address': '456 Queen St, Toronto', 'Age': 30, 'Name': 'Bob'}, {'studentID': '3', 'Major': 'Mathematics', 'Address': '789 King St, Toronto', 'Age': 35, 'Name': 'Charlie'}, {'studentID': '4', 'Major': 'Physics', 'Address': '321 Bay St, Toronto', 'Age': 40, 'Name': 'David'}, {'studentID': '5', 'Major': 'Economics', 'Address': '654 Yonge St, Toronto', 'Age': 45, 'Name': 'Eve'}, {'studentID': '6', 'Major': 'Engineering', 'Address': '987 Bloor St, Toronto', 'Age': 50, 'Name': 'Frank'}]
[2025-03-06T16:59:16.261+0000] {dummyDag.py:132} INFO - ✅ Enriched student data saved to /opt/***/output/enriched_students.json
[2025-03-06T16:59:16.269+0000] {python.py:240} INFO - Done. Returned value was: None
[2025-03-06T16:59:16.294+0000] {taskinstance.py:341} INFO - ::group::Post task execution logs
[2025-03-06T16:59:16.296+0000] {taskinstance.py:353} INFO - Marking task as SUCCESS. dag_id=TD_pipeline_POC, task_id=save_json, run_id=scheduled__2024-04-28T00:00:00+00:00, execution_date=20240428T000000, start_date=20250306T165915, end_date=20250306T165916
[2025-03-06T16:59:16.403+0000] {local_task_job_runner.py:266} INFO - Task exited with return code 0
[2025-03-06T16:59:16.446+0000] {taskinstance.py:3901} INFO - 0 downstream tasks scheduled from follow-on schedule check
[2025-03-06T16:59:16.458+0000] {local_task_job_runner.py:245} INFO - ::endgroup::
