[2025-03-06T00:00:04.182+0000] {local_task_job_runner.py:123} INFO - ::group::Pre task execution logs
[2025-03-06T00:00:04.194+0000] {taskinstance.py:2614} INFO - Dependencies all met for dep_context=non-requeueable deps ti=<TaskInstance: split_airflow_tasks.save_json scheduled__2025-03-05T00:00:00+00:00 [queued]>
[2025-03-06T00:00:04.199+0000] {taskinstance.py:2614} INFO - Dependencies all met for dep_context=requeueable deps ti=<TaskInstance: split_airflow_tasks.save_json scheduled__2025-03-05T00:00:00+00:00 [queued]>
[2025-03-06T00:00:04.199+0000] {taskinstance.py:2867} INFO - Starting attempt 1 of 1
[2025-03-06T00:00:04.207+0000] {taskinstance.py:2890} INFO - Executing <Task(PythonOperator): save_json> on 2025-03-05 00:00:00+00:00
[2025-03-06T00:00:04.212+0000] {warnings.py:112} WARNING - /home/***/.local/lib/python3.12/site-packages/***/task/task_runner/standard_task_runner.py:70: DeprecationWarning: This process (pid=47715) is multi-threaded, use of fork() may lead to deadlocks in the child.
  pid = os.fork()

[2025-03-06T00:00:04.213+0000] {standard_task_runner.py:72} INFO - Started process 47716 to run task
[2025-03-06T00:00:04.214+0000] {standard_task_runner.py:104} INFO - Running: ['***', 'tasks', 'run', 'split_***_tasks', 'save_json', 'scheduled__2025-03-05T00:00:00+00:00', '--job-id', '1455', '--raw', '--subdir', 'DAGS_FOLDER/dummyDag.py', '--cfg-path', '/tmp/tmpek6i86gi']
[2025-03-06T00:00:04.216+0000] {standard_task_runner.py:105} INFO - Job 1455: Subtask save_json
[2025-03-06T00:00:04.245+0000] {task_command.py:467} INFO - Running <TaskInstance: split_airflow_tasks.save_json scheduled__2025-03-05T00:00:00+00:00 [running]> on host 629ebb200460
[2025-03-06T00:00:04.294+0000] {taskinstance.py:3134} INFO - Exporting env vars: AIRFLOW_CTX_DAG_OWNER='***' AIRFLOW_CTX_DAG_ID='split_***_tasks' AIRFLOW_CTX_TASK_ID='save_json' AIRFLOW_CTX_EXECUTION_DATE='2025-03-05T00:00:00+00:00' AIRFLOW_CTX_TRY_NUMBER='1' AIRFLOW_CTX_DAG_RUN_ID='scheduled__2025-03-05T00:00:00+00:00'
[2025-03-06T00:00:04.295+0000] {taskinstance.py:732} INFO - ::endgroup::
[2025-03-06T00:00:04.311+0000] {dummyDag.py:127} INFO - ✅ Retrieved 6 students from XCom: [{'studentID': '1', 'Major': 'Toronto', 'Address': '123 Main St', 'Age': 27, 'Name': 'Alice'}, {'studentID': '2', 'Major': 'Toronto', 'Address': '456 Queen St', 'Age': 30, 'Name': 'Bob'}, {'studentID': '3', 'Major': 'Toronto', 'Address': '789 King St', 'Age': 35, 'Name': 'Charlie'}, {'studentID': '4', 'Major': 'Toronto', 'Address': '321 Bay St', 'Age': 40, 'Name': 'David'}, {'studentID': '5', 'Major': 'Toronto', 'Address': '654 Yonge St', 'Age': 45, 'Name': 'Eve'}, {'studentID': '6', 'Major': 'Toronto', 'Address': '987 Bloor St', 'Age': 50, 'Name': 'Frank'}]
[2025-03-06T00:00:04.313+0000] {dummyDag.py:132} INFO - ✅ Enriched student data saved to /opt/***/output/enriched_students.json
[2025-03-06T00:00:04.313+0000] {python.py:240} INFO - Done. Returned value was: None
[2025-03-06T00:00:04.319+0000] {taskinstance.py:341} INFO - ::group::Post task execution logs
[2025-03-06T00:00:04.319+0000] {taskinstance.py:353} INFO - Marking task as SUCCESS. dag_id=split_***_tasks, task_id=save_json, run_id=scheduled__2025-03-05T00:00:00+00:00, execution_date=20250305T000000, start_date=20250306T000004, end_date=20250306T000004
[2025-03-06T00:00:04.358+0000] {local_task_job_runner.py:266} INFO - Task exited with return code 0
[2025-03-06T00:00:04.367+0000] {taskinstance.py:3901} INFO - 0 downstream tasks scheduled from follow-on schedule check
[2025-03-06T00:00:04.368+0000] {local_task_job_runner.py:245} INFO - ::endgroup::
